[debug] [2023-04-13T17:50:06.673Z] ----------------------------------------------------------------------
[debug] [2023-04-13T17:50:06.675Z] Command:       C:\Program Files\nodejs\node.exe C:\Users\dongheon\AppData\Roaming\npm\node_modules\firebase-tools\lib\bin\firebase.js deploy
[debug] [2023-04-13T17:50:06.675Z] CLI Version:   11.26.0
[debug] [2023-04-13T17:50:06.676Z] Platform:      win32
[debug] [2023-04-13T17:50:06.676Z] Node Version:  v18.15.0
[debug] [2023-04-13T17:50:06.677Z] Time:          Fri Apr 14 2023 02:50:06 GMT+0900 (대한민국 표준시)
[debug] [2023-04-13T17:50:06.677Z] ----------------------------------------------------------------------
[debug] 
[debug] [2023-04-13T17:50:06.730Z] > command requires scopes: ["email","openid","https://www.googleapis.com/auth/cloudplatformprojects.readonly","https://www.googleapis.com/auth/firebase","https://www.googleapis.com/auth/cloud-platform"]
[debug] [2023-04-13T17:50:06.730Z] > authorizing via signed-in user (qaws7792@gmail.com)
[debug] [2023-04-13T17:50:06.730Z] [iam] checking project wordnote-24484 for permissions ["firebase.projects.get","firebasehosting.sites.update"]
[debug] [2023-04-13T17:50:06.733Z] >>> [apiv2][query] POST https://cloudresourcemanager.googleapis.com/v1/projects/wordnote-24484:testIamPermissions [none]
[debug] [2023-04-13T17:50:06.734Z] >>> [apiv2][(partial)header] POST https://cloudresourcemanager.googleapis.com/v1/projects/wordnote-24484:testIamPermissions x-goog-quota-user=projects/wordnote-24484
[debug] [2023-04-13T17:50:06.734Z] >>> [apiv2][body] POST https://cloudresourcemanager.googleapis.com/v1/projects/wordnote-24484:testIamPermissions {"permissions":["firebase.projects.get","firebasehosting.sites.update"]}
[debug] [2023-04-13T17:50:07.509Z] <<< [apiv2][status] POST https://cloudresourcemanager.googleapis.com/v1/projects/wordnote-24484:testIamPermissions 200
[debug] [2023-04-13T17:50:07.509Z] <<< [apiv2][body] POST https://cloudresourcemanager.googleapis.com/v1/projects/wordnote-24484:testIamPermissions {"permissions":["firebase.projects.get","firebasehosting.sites.update"]}
[debug] [2023-04-13T17:50:07.510Z] >>> [apiv2][query] GET https://firebase.googleapis.com/v1beta1/projects/wordnote-24484 [none]
[debug] [2023-04-13T17:50:07.974Z] <<< [apiv2][status] GET https://firebase.googleapis.com/v1beta1/projects/wordnote-24484 200
[debug] [2023-04-13T17:50:07.975Z] <<< [apiv2][body] GET https://firebase.googleapis.com/v1beta1/projects/wordnote-24484 {"projectId":"wordnote-24484","projectNumber":"800819364443","displayName":"wordNote","name":"projects/wordnote-24484","resources":{"hostingSite":"wordnote-24484","storageBucket":"wordnote-24484.appspot.com","locationId":"asia-northeast3"},"state":"ACTIVE","etag":"1_8a2bc2fd-471d-4e48-b924-2d37104c01cb"}
[debug] [2023-04-13T17:50:13.918Z] >>> [apiv2][query] GET https://firebasehosting.googleapis.com/v1beta1/projects/wordnote-24484/sites pageToken=&pageSize=10
[debug] [2023-04-13T17:50:14.800Z] <<< [apiv2][status] GET https://firebasehosting.googleapis.com/v1beta1/projects/wordnote-24484/sites 200
[debug] [2023-04-13T17:50:14.800Z] <<< [apiv2][body] GET https://firebasehosting.googleapis.com/v1beta1/projects/wordnote-24484/sites {"sites":[{"name":"projects/wordnote-24484/sites/wordnote-24484","defaultUrl":"https://wordnote-24484.web.app","type":"DEFAULT_SITE"}]}
[debug] [2023-04-13T17:50:14.801Z] >>> [apiv2][query] GET https://firebasehosting.googleapis.com/v1beta1/projects/wordnote-24484/sites 
[debug] [2023-04-13T17:50:15.672Z] <<< [apiv2][status] GET https://firebasehosting.googleapis.com/v1beta1/projects/wordnote-24484/sites 200
[debug] [2023-04-13T17:50:15.673Z] <<< [apiv2][body] GET https://firebasehosting.googleapis.com/v1beta1/projects/wordnote-24484/sites {"sites":[{"name":"projects/wordnote-24484/sites/wordnote-24484","defaultUrl":"https://wordnote-24484.web.app","type":"DEFAULT_SITE"}]}
[debug] [2023-04-13T17:50:15.673Z] >>> [apiv2][query] GET https://firebase.googleapis.com/v1beta1/projects/wordnote-24484/webApps/-/config [none]
[debug] [2023-04-13T17:50:16.740Z] <<< [apiv2][status] GET https://firebase.googleapis.com/v1beta1/projects/wordnote-24484/webApps/-/config 200
[debug] [2023-04-13T17:50:16.740Z] <<< [apiv2][body] GET https://firebase.googleapis.com/v1beta1/projects/wordnote-24484/webApps/-/config {"projectId":"wordnote-24484","appId":"1:800819364443:web:43364a885a8abefe94357e","storageBucket":"wordnote-24484.appspot.com","locationId":"asia-northeast3","apiKey":"AIzaSyBNrBJjEqcgjFplFrOUJoQvEEkr-h_kc-Q","authDomain":"wordnote-24484.firebaseapp.com","messagingSenderId":"800819364443","measurementId":"G-4JMDXF2HQC"}
[debug] [2023-04-13T17:50:49.487Z] TypeError: Cannot read properties of null (reading 'endsWith')
    at ɵcodegenPublicDirectory (C:\Users\dongheon\AppData\Roaming\npm\node_modules\firebase-tools\lib\frameworks\next\index.js:206:56)
    at async prepareFrameworks (C:\Users\dongheon\AppData\Roaming\npm\node_modules\firebase-tools\lib\frameworks\index.js:287:13)
    at async deploy (C:\Users\dongheon\AppData\Roaming\npm\node_modules\firebase-tools\lib\deploy\index.js:53:13)
[error] 
[error] Error: An unexpected error has occurred.
